<?xml version="1.0" encoding="UTF-8"?>
<testng-results skipped="0" failed="0" ignored="0" total="1" passed="1">
  <reporter-output>
  </reporter-output>
  <suite name="Default suite" duration-ms="21623" started-at="2017-11-08T04:32:34Z" finished-at="2017-11-08T04:32:56Z">
    <groups>
    </groups>
    <test name="Default test" duration-ms="21623" started-at="2017-11-08T04:32:34Z" finished-at="2017-11-08T04:32:56Z">
      <class name="Tests.NoPOMTest99GuruLogin">
        <test-method status="PASS" signature="test_Home_Page_Appear_Correct()[pri:0, instance:Tests.NoPOMTest99GuruLogin@55f3ddb1]" name="test_Home_Page_Appear_Correct" duration-ms="21595" started-at="2017-11-08T10:02:34Z" finished-at="2017-11-08T10:02:56Z">
          <reporter-output>
          </reporter-output>
        </test-method> <!-- test_Home_Page_Appear_Correct -->
      </class> <!-- Tests.NoPOMTest99GuruLogin -->
    </test> <!-- Default test -->
  </suite> <!-- Default suite -->
</testng-results>
